0 info it worked if it ends with ok
1 verbose cli [ 'node', '/usr/local/bin/npm', 'install', '-d' ]
2 info using npm@1.3.8
3 info using node@v0.10.18
4 verbose readDependencies using package.json deps
5 verbose install where, deps [ '/Users/chantavy/Documents/power',
5 verbose install   [ 'express',
5 verbose install     'stylus',
5 verbose install     'jade',
5 verbose install     'jquery',
5 verbose install     'chai',
5 verbose install     'mocha',
5 verbose install     'jasmine-core' ] ]
6 info preinstall openshift-test@1.0.0
7 verbose readDependencies using package.json deps
8 verbose already installed skipping jquery@1.7.x /Users/chantavy/Documents/power
9 verbose already installed skipping express@~3.4.4 /Users/chantavy/Documents/power
10 verbose already installed skipping stylus@0.29.x /Users/chantavy/Documents/power
11 verbose already installed skipping jade@0.27.x /Users/chantavy/Documents/power
12 verbose already installed skipping chai@* /Users/chantavy/Documents/power
13 verbose already installed skipping mocha@* /Users/chantavy/Documents/power
14 verbose cache add [ 'jasmine-core@1.*.*', null ]
15 verbose cache add name=undefined spec="jasmine-core@1.*.*" args=["jasmine-core@1.*.*",null]
16 verbose parsed url { protocol: null,
16 verbose parsed url   slashes: null,
16 verbose parsed url   auth: null,
16 verbose parsed url   host: null,
16 verbose parsed url   port: null,
16 verbose parsed url   hostname: null,
16 verbose parsed url   hash: null,
16 verbose parsed url   search: null,
16 verbose parsed url   query: null,
16 verbose parsed url   pathname: 'jasmine-core@1.*.*',
16 verbose parsed url   path: 'jasmine-core@1.*.*',
16 verbose parsed url   href: 'jasmine-core@1.*.*' }
17 verbose cache add name="jasmine-core" spec="1.*.*" args=["jasmine-core","1.*.*"]
18 verbose parsed url { protocol: null,
18 verbose parsed url   slashes: null,
18 verbose parsed url   auth: null,
18 verbose parsed url   host: null,
18 verbose parsed url   port: null,
18 verbose parsed url   hostname: null,
18 verbose parsed url   hash: null,
18 verbose parsed url   search: null,
18 verbose parsed url   query: null,
18 verbose parsed url   pathname: '1.*.*',
18 verbose parsed url   path: '1.*.*',
18 verbose parsed url   href: '1.*.*' }
19 verbose addNamed [ 'jasmine-core', '1.*.*' ]
20 verbose addNamed [ null, '>=1.0.0-0 <2.0.0-0' ]
21 silly lockFile b5ffb6e5-jasmine-core-1 jasmine-core@1.*.*
22 verbose lock jasmine-core@1.*.* /Users/chantavy/.npm/b5ffb6e5-jasmine-core-1.lock
23 silly addNameRange { name: 'jasmine-core',
23 silly addNameRange   range: '>=1.0.0-0 <2.0.0-0',
23 silly addNameRange   hasData: false }
24 verbose url raw jasmine-core
25 verbose url resolving [ 'https://registry.npmjs.org/', './jasmine-core' ]
26 verbose url resolved https://registry.npmjs.org/jasmine-core
27 info trying registry request attempt 1 at 02:11:42
28 verbose etag "ETZC2OYHXH80NFV6L3YSEYU70"
29 http GET https://registry.npmjs.org/jasmine-core
30 http 304 https://registry.npmjs.org/jasmine-core
31 silly registry.get cb [ 304,
31 silly registry.get   { date: 'Sun, 23 Mar 2014 12:11:46 GMT',
31 silly registry.get     server: 'Apache',
31 silly registry.get     via: '1.1 varnish',
31 silly registry.get     'last-modified': 'Sun, 23 Mar 2014 12:11:46 GMT',
31 silly registry.get     'cache-control': 'max-age=1',
31 silly registry.get     etag: '"ETZC2OYHXH80NFV6L3YSEYU70"',
31 silly registry.get     'x-served-by': 'cache-sv60-SJC3',
31 silly registry.get     'x-cache': 'MISS',
31 silly registry.get     'x-cache-hits': '0',
31 silly registry.get     'x-timer': 'S1395576706.092674494,VS0,VE90',
31 silly registry.get     vary: 'Accept',
31 silly registry.get     'content-length': '0',
31 silly registry.get     'keep-alive': 'timeout=10, max=50',
31 silly registry.get     connection: 'Keep-Alive' } ]
32 verbose etag jasmine-core from cache
33 silly addNameRange number 2 { name: 'jasmine-core',
33 silly addNameRange   range: '>=1.0.0-0 <2.0.0-0',
33 silly addNameRange   hasData: true }
34 silly addNameRange versions [ 'jasmine-core', [ '2.0.0' ] ]
35 silly lockFile b5ffb6e5-jasmine-core-1 jasmine-core@1.*.*
36 silly lockFile b5ffb6e5-jasmine-core-1 jasmine-core@1.*.*
37 error Error: No compatible version found: jasmine-core@'>=1.0.0-0 <2.0.0-0'
37 error Valid install targets:
37 error ["2.0.0"]
37 error     at installTargetsError (/usr/local/lib/node_modules/npm/lib/cache.js:719:10)
37 error     at next (/usr/local/lib/node_modules/npm/lib/cache.js:698:17)
37 error     at /usr/local/lib/node_modules/npm/lib/cache.js:675:5
37 error     at saved (/usr/local/lib/node_modules/npm/node_modules/npm-registry-client/lib/get.js:142:7)
37 error     at /usr/local/lib/node_modules/npm/node_modules/graceful-fs/polyfills.js:133:7
37 error     at Object.oncomplete (fs.js:107:15)
38 error If you need help, you may report this log at:
38 error     <http://github.com/isaacs/npm/issues>
38 error or email it to:
38 error     <npm-@googlegroups.com>
39 error System Darwin 13.1.0
40 error command "node" "/usr/local/bin/npm" "install" "-d"
41 error cwd /Users/chantavy/Documents/power
42 error node -v v0.10.18
43 error npm -v 1.3.8
44 verbose exit [ 1, true ]
